<?xml version="1.0" encoding="UTF-8"?>
<testsuite xmlns:xsi="http://www.w3.org/2001/XMLSchema-instance" xsi:noNamespaceSchemaLocation="https://maven.apache.org/surefire/maven-surefire-plugin/xsd/surefire-test-report.xsd" name="Dominio.DTOMesaTest" time="1.994" tests="11" errors="0" skipped="0" failures="0">
  <properties>
    <property name="java.specification.version" value="15"/>
    <property name="sun.cpu.isalist" value="amd64"/>
    <property name="sun.jnu.encoding" value="Cp1252"/>
    <property name="java.class.path" value="C:\Users\joses\OneDrive\Escritorio\Universidad\3º de Carrera\Primer Cuatrimestre\Prácticas\Ingeniería del Software II\Workspace\Iteracion 3 Implementacion\Dominio_it1\target\test-classes;C:\Users\joses\OneDrive\Escritorio\Universidad\3º de Carrera\Primer Cuatrimestre\Prácticas\Ingeniería del Software II\Workspace\Iteracion 3 Implementacion\Dominio_it1\target\classes;C:\Users\joses\.m2\repository\junit\junit\4.11\junit-4.11.jar;C:\Users\joses\.m2\repository\org\hamcrest\hamcrest-core\1.3\hamcrest-core-1.3.jar;C:\Users\joses\OneDrive\Escritorio\Universidad\3º de Carrera\Primer Cuatrimestre\Prácticas\Ingeniería del Software II\Workspace\Iteracion 3 Implementacion\Persistencia\target\Persistencia-0.0.1-SNAPSHOT.jar;C:\Users\joses\.m2\repository\mysql\mysql-connector-java\8.0.21\mysql-connector-java-8.0.21.jar;C:\Users\joses\.m2\repository\com\google\protobuf\protobuf-java\3.11.4\protobuf-java-3.11.4.jar;C:\Users\joses\.m2\repository\com\toedter\jcalendar\1.4\jcalendar-1.4.jar;"/>
    <property name="java.vm.vendor" value="Oracle Corporation"/>
    <property name="sun.arch.data.model" value="64"/>
    <property name="user.variant" value=""/>
    <property name="java.vendor.url" value="https://java.oracle.com/"/>
    <property name="user.timezone" value="Europe/Madrid"/>
    <property name="os.name" value="Windows 10"/>
    <property name="java.vm.specification.version" value="15"/>
    <property name="sun.java.launcher" value="SUN_STANDARD"/>
    <property name="user.country" value="ES"/>
    <property name="sun.boot.library.path" value="C:\Users\joses\.p2\pool\plugins\org.eclipse.justj.openjdk.hotspot.jre.full.win32.x86_64_15.0.1.v20201027-0507\jre\bin"/>
    <property name="sun.java.command" value="C:\Users\joses\AppData\Local\Temp\surefire2291774172632147591\surefirebooter7926079674639575519.jar C:\Users\joses\AppData\Local\Temp\surefire2291774172632147591 2020-12-17T22-37-08_043-jvmRun1 surefire9142816984682172384tmp surefire_15994542888659852899tmp"/>
    <property name="jdk.debug" value="release"/>
    <property name="surefire.test.class.path" value="C:\Users\joses\OneDrive\Escritorio\Universidad\3º de Carrera\Primer Cuatrimestre\Prácticas\Ingeniería del Software II\Workspace\Iteracion 3 Implementacion\Dominio_it1\target\test-classes;C:\Users\joses\OneDrive\Escritorio\Universidad\3º de Carrera\Primer Cuatrimestre\Prácticas\Ingeniería del Software II\Workspace\Iteracion 3 Implementacion\Dominio_it1\target\classes;C:\Users\joses\.m2\repository\junit\junit\4.11\junit-4.11.jar;C:\Users\joses\.m2\repository\org\hamcrest\hamcrest-core\1.3\hamcrest-core-1.3.jar;C:\Users\joses\OneDrive\Escritorio\Universidad\3º de Carrera\Primer Cuatrimestre\Prácticas\Ingeniería del Software II\Workspace\Iteracion 3 Implementacion\Persistencia\target\Persistencia-0.0.1-SNAPSHOT.jar;C:\Users\joses\.m2\repository\mysql\mysql-connector-java\8.0.21\mysql-connector-java-8.0.21.jar;C:\Users\joses\.m2\repository\com\google\protobuf\protobuf-java\3.11.4\protobuf-java-3.11.4.jar;C:\Users\joses\.m2\repository\com\toedter\jcalendar\1.4\jcalendar-1.4.jar;"/>
    <property name="sun.cpu.endian" value="little"/>
    <property name="user.home" value="C:\Users\joses"/>
    <property name="user.language" value="es"/>
    <property name="java.specification.vendor" value="Oracle Corporation"/>
    <property name="java.version.date" value="2020-10-20"/>
    <property name="java.home" value="C:\Users\joses\.p2\pool\plugins\org.eclipse.justj.openjdk.hotspot.jre.full.win32.x86_64_15.0.1.v20201027-0507\jre"/>
    <property name="file.separator" value="\"/>
    <property name="basedir" value="C:\Users\joses\OneDrive\Escritorio\Universidad\3º de Carrera\Primer Cuatrimestre\Prácticas\Ingeniería del Software II\Workspace\Iteracion 3 Implementacion\Dominio_it1"/>
    <property name="java.vm.compressedOopsMode" value="32-bit"/>
    <property name="line.separator" value="&#10;"/>
    <property name="java.vm.specification.vendor" value="Oracle Corporation"/>
    <property name="java.specification.name" value="Java Platform API Specification"/>
    <property name="surefire.real.class.path" value="C:\Users\joses\AppData\Local\Temp\surefire2291774172632147591\surefirebooter7926079674639575519.jar"/>
    <property name="user.script" value=""/>
    <property name="sun.management.compiler" value="HotSpot 64-Bit Tiered Compilers"/>
    <property name="java.runtime.version" value="15.0.1+9-18"/>
    <property name="user.name" value="joses"/>
    <property name="path.separator" value=";"/>
    <property name="os.version" value="10.0"/>
    <property name="java.runtime.name" value="OpenJDK Runtime Environment"/>
    <property name="file.encoding" value="Cp1252"/>
    <property name="java.vm.name" value="OpenJDK 64-Bit Server VM"/>
    <property name="localRepository" value="C:\Users\joses\.m2\repository"/>
    <property name="java.vendor.url.bug" value="https://bugreport.java.com/bugreport/"/>
    <property name="java.io.tmpdir" value="C:\Users\joses\AppData\Local\Temp\"/>
    <property name="java.version" value="15.0.1"/>
    <property name="user.dir" value="C:\Users\joses\OneDrive\Escritorio\Universidad\3º de Carrera\Primer Cuatrimestre\Prácticas\Ingeniería del Software II\Workspace\Iteracion 3 Implementacion\Dominio_it1"/>
    <property name="os.arch" value="amd64"/>
    <property name="java.vm.specification.name" value="Java Virtual Machine Specification"/>
    <property name="sun.os.patch.level" value=""/>
    <property name="java.library.path" value="C:\Users\joses\.p2\pool\plugins\org.eclipse.justj.openjdk.hotspot.jre.full.win32.x86_64_15.0.1.v20201027-0507\jre\bin;C:\WINDOWS\Sun\Java\bin;C:\WINDOWS\system32;C:\WINDOWS;C:/Users/joses/.p2/pool/plugins/org.eclipse.justj.openjdk.hotspot.jre.full.win32.x86_64_15.0.1.v20201027-0507/jre/bin/server;C:/Users/joses/.p2/pool/plugins/org.eclipse.justj.openjdk.hotspot.jre.full.win32.x86_64_15.0.1.v20201027-0507/jre/bin;C:\Program Files\Common Files\Oracle\Java\javapath;C:\Program Files (x86)\Intel\iCLS Client\;C:\Program Files\Intel\iCLS Client\;C:\Windows\system32;C:\Windows;C:\Windows\System32\Wbem;C:\Windows\System32\WindowsPowerShell\v1.0\;C:\Program Files (x86)\Intel\Intel(R) Management Engine Components\DAL;C:\Program Files\Intel\Intel(R) Management Engine Components\DAL;C:\Program Files (x86)\Intel\Intel(R) Management Engine Components\IPT;C:\Program Files\Intel\Intel(R) Management Engine Components\IPT;C:\Program Files (x86)\NVIDIA Corporation\PhysX\Common;C:\WINDOWS\system32;C:\WINDOWS;C:\WINDOWS\System32\Wbem;C:\WINDOWS\System32\WindowsPowerShell\v1.0\;C:\WINDOWS\System32\OpenSSH\;C:\Program Files\NVIDIA Corporation\NVIDIA NvDLISR;C:\Users\joses\OneDrive\Documentos\Maven\apache-maven-3.6.3\bin;C:\Program Files\Git\cmd;C:\Program Files (x86)\PICT\;C:\Program Files\MySQL\MySQL Shell 8.0\bin\;C:\Users\joses\AppData\Local\Microsoft\WindowsApps;C:\Users\joses\AppData\Local\GitHubDesktop\bin;C:\Users\joses\OneDrive\Documentos\Maven\apache-maven-3.6.3\bin;;C:\Users\joses\AppData\Local\Programs\Microsoft VS Code\bin;C:\WINDOWS\System32;;."/>
    <property name="java.vm.info" value="mixed mode"/>
    <property name="java.vendor" value="Oracle Corporation"/>
    <property name="java.vm.version" value="15.0.1+9-18"/>
    <property name="sun.io.unicode.encoding" value="UnicodeLittle"/>
    <property name="java.class.version" value="59.0"/>
  </properties>
  <testcase name="testActualizarEstadoMesasPorTurno" classname="Dominio.DTOMesaTest" time="0.06"/>
  <testcase name="testLeerMesa" classname="Dominio.DTOMesaTest" time="0.03"/>
  <testcase name="testSecuenciarEstado" classname="Dominio.DTOMesaTest" time="0"/>
  <testcase name="testLeerMesasOcupadas" classname="Dominio.DTOMesaTest" time="0.034"/>
  <testcase name="testCambiarEstado" classname="Dominio.DTOMesaTest" time="0.035"/>
  <testcase name="testAsignarCamarero" classname="Dominio.DTOMesaTest" time="0.269"/>
  <testcase name="testLeerMesasPorCamarero" classname="Dominio.DTOMesaTest" time="0.06"/>
  <testcase name="testCambiarMesaOcupada" classname="Dominio.DTOMesaTest" time="0.06"/>
  <testcase name="testConsultarEstadoMesa" classname="Dominio.DTOMesaTest" time="0.029"/>
  <testcase name="testLeerMesas" classname="Dominio.DTOMesaTest" time="0.029"/>
  <testcase name="testEstadoCorrecto" classname="Dominio.DTOMesaTest" time="0.03"/>
</testsuite>